#
# A fatal error has been detected by the Java Runtime Environment:
#
#  EXCEPTION_ACCESS_VIOLATION (0xc0000005) at pc=0x00007ff996772480, pid=6880, tid=10480
#
# JRE version: Java(TM) SE Runtime Environment (11.0.2+9) (build 11.0.2+9-LTS)
# Java VM: Java HotSpot(TM) 64-Bit Server VM (11.0.2+9-LTS, mixed mode, tiered, compressed oops, g1 gc, windows-amd64)
# Problematic frame:
# V  [jvm.dll+0x372480]
#
# No core dump will be written. Minidumps are not enabled by default on client versions of Windows
#
# If you would like to submit a bug report, please visit:
#   http://bugreport.java.com/bugreport/crash.jsp
#

---------------  S U M M A R Y ------------

Command Line: -XX:MaxMetaspaceSize=256m -XX:+HeapDumpOnOutOfMemoryError -agentlib:jdwp=transport=dt_socket,server=n,suspend=y,address=127.0.0.1:52128 --add-opens=java.base/java.util=ALL-UNNAMED --add-opens=java.base/java.lang=ALL-UNNAMED --add-opens=java.base/java.lang.invoke=ALL-UNNAMED --add-opens=java.prefs/java.util.prefs=ALL-UNNAMED -Xms256m -Xmx512m -Dfile.encoding=windows-1252 -Duser.country=BR -Duser.language=pt -Duser.variant org.gradle.launcher.daemon.bootstrap.GradleDaemon 5.4.1

Host: AMD FX(tm)-4300 Quad-Core Processor            , 4 cores, 11G,  Windows 10 , 64 bit Build 17763 (10.0.17763.475)
Time: Fri Aug  2 00:13:26 2019 Hora oficial do Brasil elapsed time: 64 seconds (0d 0h 1m 4s)

---------------  T H R E A D  ---------------

Current thread (0x0000019323a55000):  JavaThread "C2 CompilerThread0" daemon [_thread_in_native, id=10480, stack(0x00000024e3300000,0x00000024e3400000)]


Current CompileTask:
C2:  64073 5337       4       java.io.ObjectOutputStream::writeClassDesc (60 bytes)

Stack: [0x00000024e3300000,0x00000024e3400000],  sp=0x00000024e33fbc60,  free space=1007k
Native frames: (J=compiled Java code, j=interpreted, Vv=VM code, C=native code)
V  [jvm.dll+0x372480]
V  [jvm.dll+0x36bc90]
V  [jvm.dll+0x1a949c]
V  [jvm.dll+0x218352]
V  [jvm.dll+0x2173ea]
V  [jvm.dll+0x194200]
V  [jvm.dll+0x2263af]
V  [jvm.dll+0x2249b8]
V  [jvm.dll+0x738a9d]
V  [jvm.dll+0x6347f2]
C  [ucrtbase.dll+0x21ffa]
C  [KERNEL32.DLL+0x17974]
C  [ntdll.dll+0x6a271]


siginfo: EXCEPTION_ACCESS_VIOLATION (0xc0000005), reading address 0xffffffffffffffff


Register to memory mapping:

RIP=0x00007ff996772480 jvm.dll
RAX=0x0 is NULL
RBX=0x0000000000000031 is an unknown value
RCX=0x0 is NULL
RDX=0x0000000000000008 is an unknown value
RSP=0x00000024e33fbc60 is pointing into the stack for thread: 0x0000019323a55000
RBP=0x0000000000000008 is an unknown value
RSI=0x00007ff996e56738 jvm.dll
RDI=0x00000193245e6a28 points into unknown readable memory: d0 08 a5 23 93 01 00 00
R8 =0x00047ff996e56738 is an unknown value
R9 =0x00000024e33fbcb0 is pointing into the stack for thread: 0x0000019323a55000
R10=0x0000000000000031 is an unknown value
R11=0x00000024e33fbbc0 is pointing into the stack for thread: 0x0000019323a55000
R12=0x00007ff996400000 jvm.dll
R13=0x00000193283b9dd0 points into unknown readable memory: 40 80 dd 2c 93 01 00 00
R14=0x0000000000000010 is an unknown value
R15=0x00007ff996e56738 jvm.dll


Registers:
RAX=0x0000000000000000, RBX=0x0000000000000031, RCX=0x0000000000000000, RDX=0x0000000000000008
RSP=0x00000024e33fbc60, RBP=0x0000000000000008, RSI=0x00007ff996e56738, RDI=0x00000193245e6a28
R8 =0x00047ff996e56738, R9 =0x00000024e33fbcb0, R10=0x0000000000000031, R11=0x00000024e33fbbc0
R12=0x00007ff996400000, R13=0x00000193283b9dd0, R14=0x0000000000000010, R15=0x00007ff996e56738
RIP=0x00007ff996772480, EFLAGS=0x0000000000010246

Top of Stack: (sp=0x00000024e33fbc60)
0x00000024e33fbc60:   0000000000000000 0000000000000000
0x00000024e33fbc70:   0000000000000dd8 0000019323a49c00
0x00000024e33fbc80:   0000000000001e30 00007ff99676bc90
0x00000024e33fbc90:   000001932cf05db0 00000024e33fbde0
0x00000024e33fbca0:   0000000000001e30 00007ff996c8a250
0x00000024e33fbcb0:   00001e3400000000 0000019300000002
0x00000024e33fbcc0:   00047ff996e56738 000000000000001f
0x00000024e33fbcd0:   000001932a43d610 0000000000000035
0x00000024e33fbce0:   000001932cf05e50 0000000000000000
0x00000024e33fbcf0:   00000193283b9de0 0000000000000000
0x00000024e33fbd00:   00000024e33fbe10 00007ff9965a949c
0x00000024e33fbd10:   00000024e33fc190 00000024e33fc278
0x00000024e33fbd20:   00000193283ba1b8 00000000000003d8
0x00000024e33fbd30:   00007ff996c44a00 000000000000000c
0x00000024e33fbd40:   0000000000000006 00000193283b9dd0
0x00000024e33fbd50:   00000193283244c0 0000019328327e30 

Instructions: (pc=0x00007ff996772480)
0x00007ff996772460:   49 8b 41 20 41 8b da 4c 8b 04 d8 4c 3b c6 74 7a
0x00007ff996772470:   33 c0 4d 89 41 10 33 c9 0f 1f 84 00 00 00 00 00
0x00007ff996772480:   42 83 3c 01 00 8d 50 01 0f 85 be 00 00 00 48 83
0x00007ff996772490:   c1 04 8b c2 83 fa 08 72 e7 4d 8b 59 30 4d 85 db 


Stack slot to memory mapping:
stack at sp + 0 slots: 0x0 is NULL
stack at sp + 1 slots: 0x0 is NULL
stack at sp + 2 slots: 0x0000000000000dd8 is an unknown value
stack at sp + 3 slots: 0x0000019323a49c00 points into unknown readable memory: 00 68 a5 23 93 01 00 00
stack at sp + 4 slots: 0x0000000000001e30 is an unknown value
stack at sp + 5 slots: 0x00007ff99676bc90 jvm.dll
stack at sp + 6 slots: 0x000001932cf05db0 points into unknown readable memory: 11 00 00 00 00 00 00 00
stack at sp + 7 slots: 0x00000024e33fbde0 is pointing into the stack for thread: 0x0000019323a55000


---------------  P R O C E S S  ---------------

Threads class SMR info:
_java_thread_list=0x00000193289bf1b0, length=43, elements={
0x0000019308ef8000, 0x0000019323a2f800, 0x0000019323a30800, 0x0000019323a52000,
0x0000019323a53000, 0x0000019323a55000, 0x0000019323a56800, 0x00000193243fb800,
0x0000019324520800, 0x0000019324566800, 0x0000019324570000, 0x0000019324576800,
0x0000019324581800, 0x0000019324f6b800, 0x0000019324e1c800, 0x0000019325310800,
0x0000019325311800, 0x0000019325796800, 0x0000019325774800, 0x0000019324af0800,
0x0000019324af1000, 0x0000019325bac800, 0x0000019324ccf800, 0x0000019325e1a000,
0x0000019325e1c800, 0x0000019325e1d800, 0x0000019325e1b000, 0x0000019325e1e000,
0x0000019325e20000, 0x0000019329db1800, 0x0000019329db3000, 0x0000019329dae000,
0x0000019329db0000, 0x0000019329db0800, 0x0000019329dad800, 0x0000019329db4800,
0x0000019329db4000, 0x0000019329daf000, 0x0000019329db7000, 0x0000019329db5800,
0x0000019329db8000, 0x0000019329db6800, 0x00000193255c1800
}

Java Threads: ( => current thread )
  0x0000019308ef8000 JavaThread "main" [_thread_blocked, id=6448, stack(0x00000024e2800000,0x00000024e2900000)]
  0x0000019323a2f800 JavaThread "Reference Handler" daemon [_thread_blocked, id=9960, stack(0x00000024e2f00000,0x00000024e3000000)]
  0x0000019323a30800 JavaThread "Finalizer" daemon [_thread_blocked, id=10612, stack(0x00000024e3000000,0x00000024e3100000)]
  0x0000019323a52000 JavaThread "Signal Dispatcher" daemon [_thread_blocked, id=4404, stack(0x00000024e3100000,0x00000024e3200000)]
  0x0000019323a53000 JavaThread "Attach Listener" daemon [_thread_blocked, id=376, stack(0x00000024e3200000,0x00000024e3300000)]
=>0x0000019323a55000 JavaThread "C2 CompilerThread0" daemon [_thread_in_native, id=10480, stack(0x00000024e3300000,0x00000024e3400000)]
  0x0000019323a56800 JavaThread "C1 CompilerThread0" daemon [_thread_blocked, id=4352, stack(0x00000024e3400000,0x00000024e3500000)]
  0x00000193243fb800 JavaThread "Sweeper thread" daemon [_thread_blocked, id=10728, stack(0x00000024e3500000,0x00000024e3600000)]
  0x0000019324520800 JavaThread "Common-Cleaner" daemon [_thread_blocked, id=4372, stack(0x00000024e3600000,0x00000024e3700000)]
  0x0000019324566800 JavaThread "JDWP Transport Listener: dt_socket" daemon [_thread_blocked, id=10852, stack(0x00000024e3700000,0x00000024e3800000)]
  0x0000019324570000 JavaThread "JDWP Event Helper Thread" daemon [_thread_blocked, id=9696, stack(0x00000024e3800000,0x00000024e3900000)]
  0x0000019324576800 JavaThread "JDWP Command Reader" daemon [_thread_in_native, id=10872, stack(0x00000024e3900000,0x00000024e3a00000)]
  0x0000019324581800 JavaThread "Service Thread" daemon [_thread_blocked, id=2596, stack(0x00000024e3a00000,0x00000024e3b00000)]
  0x0000019324f6b800 JavaThread "Daemon health stats" [_thread_blocked, id=8064, stack(0x00000024e4100000,0x00000024e4200000)]
  0x0000019324e1c800 JavaThread "Incoming local TCP Connector on port 52155" [_thread_in_native, id=1304, stack(0x00000024e4000000,0x00000024e4100000)]
  0x0000019325310800 JavaThread "Daemon periodic checks" [_thread_blocked, id=3820, stack(0x00000024e4200000,0x00000024e4300000)]
  0x0000019325311800 JavaThread "Daemon" [_thread_blocked, id=9976, stack(0x00000024e4300000,0x00000024e4400000)]
  0x0000019325796800 JavaThread "Handler for socket connection from /127.0.0.1:52155 to /127.0.0.1:52156" [_thread_in_native, id=10780, stack(0x00000024e4400000,0x00000024e4500000)]
  0x0000019325774800 JavaThread "Cancel handler" [_thread_blocked, id=10744, stack(0x00000024e4500000,0x00000024e4600000)]
  0x0000019324af0800 JavaThread "Daemon worker" [_thread_blocked, id=1616, stack(0x00000024e4600000,0x00000024e4700000)]
  0x0000019324af1000 JavaThread "Asynchronous log dispatcher for DefaultDaemonConnection: socket connection from /127.0.0.1:52155 to /127.0.0.1:52156" [_thread_blocked, id=220, stack(0x00000024e4700000,0x00000024e4800000)]
  0x0000019325bac800 JavaThread "Stdin handler" [_thread_blocked, id=10196, stack(0x00000024e4800000,0x00000024e4900000)]
  0x0000019324ccf800 JavaThread "Thread-8" [_thread_blocked, id=6072, stack(0x00000024e4900000,0x00000024e4a00000)]
  0x0000019325e1a000 JavaThread "Cache worker for file hash cache (C:\Users\gabri\.gradle\caches\5.4.1\fileHashes)" [_thread_blocked, id=4676, stack(0x00000024e4a00000,0x00000024e4b00000)]
  0x0000019325e1c800 JavaThread "File lock request listener" [_thread_in_native, id=10304, stack(0x00000024e4b00000,0x00000024e4c00000)]
  0x0000019325e1d800 JavaThread "Cache worker for journal cache (C:\Users\gabri\.gradle\caches\journal-1)" [_thread_blocked, id=11100, stack(0x00000024e4c00000,0x00000024e4d00000)]
  0x0000019325e1b000 JavaThread "Cache worker for file hash cache (C:\Users\gabri\Desktop\testeeee\.gradle\5.4.1\fileHashes)" [_thread_blocked, id=2296, stack(0x00000024e4e00000,0x00000024e4f00000)]
  0x0000019325e1e000 JavaThread "Cache worker for cache directory md-supplier (C:\Users\gabri\.gradle\caches\5.4.1\md-supplier)" [_thread_blocked, id=8412, stack(0x00000024e4f00000,0x00000024e5000000)]
  0x0000019325e20000 JavaThread "Cache worker for cache directory md-rule (C:\Users\gabri\.gradle\caches\5.4.1\md-rule)" [_thread_blocked, id=5560, stack(0x00000024e5000000,0x00000024e5100000)]
  0x0000019329db1800 JavaThread "Cache worker for execution history cache (C:\Users\gabri\.gradle\caches\5.4.1\executionHistory)" [_thread_blocked, id=7376, stack(0x00000024e5100000,0x00000024e5200000)]
  0x0000019329db3000 JavaThread "Build operations" [_thread_blocked, id=5536, stack(0x00000024e5200000,0x00000024e5300000)]
  0x0000019329dae000 JavaThread "Build operations Thread 2" [_thread_blocked, id=920, stack(0x00000024e5300000,0x00000024e5400000)]
  0x0000019329db0000 JavaThread "Build operations Thread 3" [_thread_blocked, id=2144, stack(0x00000024e5400000,0x00000024e5500000)]
  0x0000019329db0800 JavaThread "Build operations Thread 4" [_thread_blocked, id=6996, stack(0x00000024e5500000,0x00000024e5600000)]
  0x0000019329dad800 JavaThread "Cache worker for Build Output Cleanup Cache (C:\Users\gabri\Desktop\testeeee\.gradle\buildOutputCleanup)" [_thread_blocked, id=10992, stack(0x00000024e4d00000,0x00000024e4e00000)]
  0x0000019329db4800 JavaThread "Memory manager" [_thread_blocked, id=5468, stack(0x00000024e5700000,0x00000024e5800000)]
  0x0000019329db4000 JavaThread "Cache worker for file content cache (C:\Users\gabri\.gradle\caches\5.4.1\fileContent)" [_thread_blocked, id=9824, stack(0x00000024e5800000,0x00000024e5900000)]
  0x0000019329daf000 JavaThread "Cache worker for file content cache (C:\Users\gabri\Desktop\testeeee\.gradle\5.4.1\fileContent)" [_thread_blocked, id=7228, stack(0x00000024e5900000,0x00000024e5a00000)]
  0x0000019329db7000 JavaThread "Execution worker for ':'" [_thread_in_Java, id=10372, stack(0x00000024e5a00000,0x00000024e5b00000)]
  0x0000019329db5800 JavaThread "Execution worker for ':' Thread 2" [_thread_blocked, id=10444, stack(0x00000024e5b00000,0x00000024e5c00000)]
  0x0000019329db8000 JavaThread "Execution worker for ':' Thread 3" [_thread_blocked, id=10568, stack(0x00000024e5c00000,0x00000024e5d00000)]
  0x0000019329db6800 JavaThread "Cache worker for execution history cache (C:\Users\gabri\Desktop\testeeee\.gradle\5.4.1\executionHistory)" [_thread_blocked, id=6384, stack(0x00000024e5d00000,0x00000024e5e00000)]
  0x00000193255c1800 JavaThread "C2 CompilerThread1" daemon [_thread_blocked, id=3280, stack(0x00000024e2700000,0x00000024e2800000)]

Other Threads:
  0x0000019323a08800 VMThread "VM Thread" [stack: 0x00000024e2e00000,0x00000024e2f00000] [id=10572]
  0x0000019324582000 WatcherThread [stack: 0x00000024e3b00000,0x00000024e3c00000] [id=6116]
  0x0000019308f10000 GCTaskThread "GC Thread#0" [stack: 0x00000024e2900000,0x00000024e2a00000] [id=8156]
  0x0000019324d3c800 GCTaskThread "GC Thread#1" [stack: 0x00000024e3c00000,0x00000024e3d00000] [id=6652]
  0x0000019324d3d000 GCTaskThread "GC Thread#2" [stack: 0x00000024e3d00000,0x00000024e3e00000] [id=3644]
  0x0000019324c53800 GCTaskThread "GC Thread#3" [stack: 0x00000024e3e00000,0x00000024e3f00000] [id=1720]
  0x0000019308f20800 ConcurrentGCThread "G1 Main Marker" [stack: 0x00000024e2a00000,0x00000024e2b00000] [id=4396]
  0x0000019308f22000 ConcurrentGCThread "G1 Conc#0" [stack: 0x00000024e2b00000,0x00000024e2c00000] [id=11000]
  0x0000019308fcd800 ConcurrentGCThread "G1 Refine#0" [stack: 0x00000024e2c00000,0x00000024e2d00000] [id=6408]
  0x00000193246ed000 ConcurrentGCThread "G1 Refine#1" [stack: 0x00000024e3f00000,0x00000024e4000000] [id=1356]
  0x00000193238aa800 ConcurrentGCThread "G1 Young RemSet Sampling" [stack: 0x00000024e2d00000,0x00000024e2e00000] [id=4852]

Threads with active compile tasks:
C2 CompilerThread05337       4       java.io.ObjectOutputStream::writeClassDesc (60 bytes)

VM state:not at safepoint (normal execution)

VM Mutex/Monitor currently owned by a thread: None

Heap address: 0x00000000e0000000, size: 512 MB, Compressed Oops mode: 32-bit
Narrow klass base: 0x0000000000000000, Narrow klass shift: 3
Compressed class space size: 260046848 Address: 0x0000000100000000

Heap:
 garbage-first heap   total 262144K, used 114291K [0x00000000e0000000, 0x0000000100000000)
  region size 1024K, 101 young (103424K), 13 survivors (13312K)
 Metaspace       used 52535K, capacity 53588K, committed 53888K, reserved 301056K
  class space    used 6631K, capacity 6981K, committed 7040K, reserved 253952K
Heap Regions: E=young(eden), S=young(survivor), O=old, HS=humongous(starts), HC=humongous(continues), CS=collection set, F=free, A=archive, TAMS=top-at-mark-start (previous, next)
|   0|0x00000000e0000000, 0x00000000e0100000, 0x00000000e0100000|100%| O|  |TAMS 0x00000000e0100000, 0x00000000e0000000| Untracked 
|   1|0x00000000e0100000, 0x00000000e0200000, 0x00000000e0200000|100%| O|  |TAMS 0x00000000e0200000, 0x00000000e0100000| Untracked 
|   2|0x00000000e0200000, 0x00000000e0300000, 0x00000000e0300000|100%|HS|  |TAMS 0x00000000e0300000, 0x00000000e0200000| Complete 
|   3|0x00000000e0300000, 0x00000000e0400000, 0x00000000e0400000|100%|HS|  |TAMS 0x00000000e0400000, 0x00000000e0300000| Complete 
|   4|0x00000000e0400000, 0x00000000e0500000, 0x00000000e0500000|100%|HC|  |TAMS 0x00000000e0500000, 0x00000000e0400000| Complete 
|   5|0x00000000e0500000, 0x00000000e0600000, 0x00000000e0600000|100%| O|  |TAMS 0x00000000e0600000, 0x00000000e0500000| Untracked 
|   6|0x00000000e0600000, 0x00000000e0700000, 0x00000000e0700000|100%| O|  |TAMS 0x00000000e0700000, 0x00000000e0600000| Untracked 
|   7|0x00000000e0700000, 0x00000000e0800000, 0x00000000e0800000|100%| O|  |TAMS 0x00000000e0800000, 0x00000000e0700000| Untracked 
|   8|0x00000000e0800000, 0x00000000e0900000, 0x00000000e0900000|100%| O|  |TAMS 0x00000000e0900000, 0x00000000e0800000| Untracked 
|   9|0x00000000e0900000, 0x00000000e0a00000, 0x00000000e0a00000|100%| O|  |TAMS 0x00000000e0a00000, 0x00000000e0900000| Untracked 
|  10|0x00000000e0a00000, 0x00000000e0b00000, 0x00000000e0b00000|100%| O|  |TAMS 0x00000000e0b00000, 0x00000000e0a00000| Untracked 
|  11|0x00000000e0b00000, 0x00000000e0c00000, 0x00000000e0c00000|100%| O|  |TAMS 0x00000000e0c00000, 0x00000000e0b00000| Untracked 
|  12|0x00000000e0c00000, 0x00000000e0ca5600, 0x00000000e0d00000| 64%| O|  |TAMS 0x00000000e0ca5600, 0x00000000e0c00000| Untracked 
|  13|0x00000000e0d00000, 0x00000000e0d00000, 0x00000000e0e00000|  0%| F|  |TAMS 0x00000000e0d00000, 0x00000000e0d00000| Untracked 
|  14|0x00000000e0e00000, 0x00000000e0e00000, 0x00000000e0f00000|  0%| F|  |TAMS 0x00000000e0e00000, 0x00000000e0e00000| Untracked 
|  15|0x00000000e0f00000, 0x00000000e0f00000, 0x00000000e1000000|  0%| F|  |TAMS 0x00000000e0f00000, 0x00000000e0f00000| Untracked 
|  16|0x00000000e1000000, 0x00000000e1000000, 0x00000000e1100000|  0%| F|  |TAMS 0x00000000e1000000, 0x00000000e1000000| Untracked 
|  17|0x00000000e1100000, 0x00000000e1100000, 0x00000000e1200000|  0%| F|  |TAMS 0x00000000e1100000, 0x00000000e1100000| Untracked 
|  18|0x00000000e1200000, 0x00000000e1200000, 0x00000000e1300000|  0%| F|  |TAMS 0x00000000e1200000, 0x00000000e1200000| Untracked 
|  19|0x00000000e1300000, 0x00000000e1300000, 0x00000000e1400000|  0%| F|  |TAMS 0x00000000e1300000, 0x00000000e1300000| Untracked 
|  20|0x00000000e1400000, 0x00000000e1400000, 0x00000000e1500000|  0%| F|  |TAMS 0x00000000e1400000, 0x00000000e1400000| Untracked 
|  21|0x00000000e1500000, 0x00000000e1500000, 0x00000000e1600000|  0%| F|  |TAMS 0x00000000e1500000, 0x00000000e1500000| Untracked 
|  22|0x00000000e1600000, 0x00000000e1600000, 0x00000000e1700000|  0%| F|  |TAMS 0x00000000e1600000, 0x00000000e1600000| Untracked 
|  23|0x00000000e1700000, 0x00000000e1700000, 0x00000000e1800000|  0%| F|  |TAMS 0x00000000e1700000, 0x00000000e1700000| Untracked 
|  24|0x00000000e1800000, 0x00000000e1800000, 0x00000000e1900000|  0%| F|  |TAMS 0x00000000e1800000, 0x00000000e1800000| Untracked 
|  25|0x00000000e1900000, 0x00000000e1900000, 0x00000000e1a00000|  0%| F|  |TAMS 0x00000000e1900000, 0x00000000e1900000| Untracked 
|  26|0x00000000e1a00000, 0x00000000e1a00000, 0x00000000e1b00000|  0%| F|  |TAMS 0x00000000e1a00000, 0x00000000e1a00000| Untracked 
|  27|0x00000000e1b00000, 0x00000000e1b00000, 0x00000000e1c00000|  0%| F|  |TAMS 0x00000000e1b00000, 0x00000000e1b00000| Untracked 
|  28|0x00000000e1c00000, 0x00000000e1c00000, 0x00000000e1d00000|  0%| F|  |TAMS 0x00000000e1c00000, 0x00000000e1c00000| Untracked 
|  29|0x00000000e1d00000, 0x00000000e1d00000, 0x00000000e1e00000|  0%| F|  |TAMS 0x00000000e1d00000, 0x00000000e1d00000| Untracked 
|  30|0x00000000e1e00000, 0x00000000e1e00000, 0x00000000e1f00000|  0%| F|  |TAMS 0x00000000e1e00000, 0x00000000e1e00000| Untracked 
|  31|0x00000000e1f00000, 0x00000000e1f00000, 0x00000000e2000000|  0%| F|  |TAMS 0x00000000e1f00000, 0x00000000e1f00000| Untracked 
|  32|0x00000000e2000000, 0x00000000e2000000, 0x00000000e2100000|  0%| F|  |TAMS 0x00000000e2000000, 0x00000000e2000000| Untracked 
|  33|0x00000000e2100000, 0x00000000e2100000, 0x00000000e2200000|  0%| F|  |TAMS 0x00000000e2100000, 0x00000000e2100000| Untracked 
|  34|0x00000000e2200000, 0x00000000e2200000, 0x00000000e2300000|  0%| F|  |TAMS 0x00000000e2200000, 0x00000000e2200000| Untracked 
|  35|0x00000000e2300000, 0x00000000e2300000, 0x00000000e2400000|  0%| F|  |TAMS 0x00000000e2300000, 0x00000000e2300000| Untracked 
|  36|0x00000000e2400000, 0x00000000e2400000, 0x00000000e2500000|  0%| F|  |TAMS 0x00000000e2400000, 0x00000000e2400000| Untracked 
|  37|0x00000000e2500000, 0x00000000e2500000, 0x00000000e2600000|  0%| F|  |TAMS 0x00000000e2500000, 0x00000000e2500000| Untracked 
|  38|0x00000000e2600000, 0x00000000e2600000, 0x00000000e2700000|  0%| F|  |TAMS 0x00000000e2600000, 0x00000000e2600000| Untracked 
|  39|0x00000000e2700000, 0x00000000e2700000, 0x00000000e2800000|  0%| F|  |TAMS 0x00000000e2700000, 0x00000000e2700000| Untracked 
|  40|0x00000000e2800000, 0x00000000e2800000, 0x00000000e2900000|  0%| F|  |TAMS 0x00000000e2800000, 0x00000000e2800000| Untracked 
|  41|0x00000000e2900000, 0x00000000e2900000, 0x00000000e2a00000|  0%| F|  |TAMS 0x00000000e2900000, 0x00000000e2900000| Untracked 
|  42|0x00000000e2a00000, 0x00000000e2a00000, 0x00000000e2b00000|  0%| F|  |TAMS 0x00000000e2a00000, 0x00000000e2a00000| Untracked 
|  43|0x00000000e2b00000, 0x00000000e2b00000, 0x00000000e2c00000|  0%| F|  |TAMS 0x00000000e2b00000, 0x00000000e2b00000| Untracked 
|  44|0x00000000e2c00000, 0x00000000e2c00000, 0x00000000e2d00000|  0%| F|  |TAMS 0x00000000e2c00000, 0x00000000e2c00000| Untracked 
|  45|0x00000000e2d00000, 0x00000000e2d00000, 0x00000000e2e00000|  0%| F|  |TAMS 0x00000000e2d00000, 0x00000000e2d00000| Untracked 
|  46|0x00000000e2e00000, 0x00000000e2e00000, 0x00000000e2f00000|  0%| F|  |TAMS 0x00000000e2e00000, 0x00000000e2e00000| Untracked 
|  47|0x00000000e2f00000, 0x00000000e2f00000, 0x00000000e3000000|  0%| F|  |TAMS 0x00000000e2f00000, 0x00000000e2f00000| Untracked 
|  48|0x00000000e3000000, 0x00000000e3000000, 0x00000000e3100000|  0%| F|  |TAMS 0x00000000e3000000, 0x00000000e3000000| Untracked 
|  49|0x00000000e3100000, 0x00000000e3100000, 0x00000000e3200000|  0%| F|  |TAMS 0x00000000e3100000, 0x00000000e3100000| Untracked 
|  50|0x00000000e3200000, 0x00000000e3200000, 0x00000000e3300000|  0%| F|  |TAMS 0x00000000e3200000, 0x00000000e3200000| Untracked 
|  51|0x00000000e3300000, 0x00000000e3300000, 0x00000000e3400000|  0%| F|  |TAMS 0x00000000e3300000, 0x00000000e3300000| Untracked 
|  52|0x00000000e3400000, 0x00000000e3400000, 0x00000000e3500000|  0%| F|  |TAMS 0x00000000e3400000, 0x00000000e3400000| Untracked 
|  53|0x00000000e3500000, 0x00000000e3500000, 0x00000000e3600000|  0%| F|  |TAMS 0x00000000e3500000, 0x00000000e3500000| Untracked 
|  54|0x00000000e3600000, 0x00000000e3600000, 0x00000000e3700000|  0%| F|  |TAMS 0x00000000e3600000, 0x00000000e3600000| Untracked 
|  55|0x00000000e3700000, 0x00000000e3700000, 0x00000000e3800000|  0%| F|  |TAMS 0x00000000e3700000, 0x00000000e3700000| Untracked 
|  56|0x00000000e3800000, 0x00000000e3800000, 0x00000000e3900000|  0%| F|  |TAMS 0x00000000e3800000, 0x00000000e3800000| Untracked 
|  57|0x00000000e3900000, 0x00000000e3900000, 0x00000000e3a00000|  0%| F|  |TAMS 0x00000000e3900000, 0x00000000e3900000| Untracked 
|  58|0x00000000e3a00000, 0x00000000e3a00000, 0x00000000e3b00000|  0%| F|  |TAMS 0x00000000e3a00000, 0x00000000e3a00000| Untracked 
|  59|0x00000000e3b00000, 0x00000000e3b00000, 0x00000000e3c00000|  0%| F|  |TAMS 0x00000000e3b00000, 0x00000000e3b00000| Untracked 
|  60|0x00000000e3c00000, 0x00000000e3c00000, 0x00000000e3d00000|  0%| F|  |TAMS 0x00000000e3c00000, 0x00000000e3c00000| Untracked 
|  61|0x00000000e3d00000, 0x00000000e3d00000, 0x00000000e3e00000|  0%| F|  |TAMS 0x00000000e3d00000, 0x00000000e3d00000| Untracked 
|  62|0x00000000e3e00000, 0x00000000e3e00000, 0x00000000e3f00000|  0%| F|  |TAMS 0x00000000e3e00000, 0x00000000e3e00000| Untracked 
|  63|0x00000000e3f00000, 0x00000000e3f00000, 0x00000000e4000000|  0%| F|  |TAMS 0x00000000e3f00000, 0x00000000e3f00000| Untracked 
|  64|0x00000000e4000000, 0x00000000e4000000, 0x00000000e4100000|  0%| F|  |TAMS 0x00000000e4000000, 0x00000000e4000000| Untracked 
|  65|0x00000000e4100000, 0x00000000e4100000, 0x00000000e4200000|  0%| F|  |TAMS 0x00000000e4100000, 0x00000000e4100000| Untracked 
|  66|0x00000000e4200000, 0x00000000e4200000, 0x00000000e4300000|  0%| F|  |TAMS 0x00000000e4200000, 0x00000000e4200000| Untracked 
|  67|0x00000000e4300000, 0x00000000e4300000, 0x00000000e4400000|  0%| F|  |TAMS 0x00000000e4300000, 0x00000000e4300000| Untracked 
|  68|0x00000000e4400000, 0x00000000e4400000, 0x00000000e4500000|  0%| F|  |TAMS 0x00000000e4400000, 0x00000000e4400000| Untracked 
|  69|0x00000000e4500000, 0x00000000e4500000, 0x00000000e4600000|  0%| F|  |TAMS 0x00000000e4500000, 0x00000000e4500000| Untracked 
|  70|0x00000000e4600000, 0x00000000e4600000, 0x00000000e4700000|  0%| F|  |TAMS 0x00000000e4600000, 0x00000000e4600000| Untracked 
|  71|0x00000000e4700000, 0x00000000e4700000, 0x00000000e4800000|  0%| F|  |TAMS 0x00000000e4700000, 0x00000000e4700000| Untracked 
|  72|0x00000000e4800000, 0x00000000e4800000, 0x00000000e4900000|  0%| F|  |TAMS 0x00000000e4800000, 0x00000000e4800000| Untracked 
|  73|0x00000000e4900000, 0x00000000e4900000, 0x00000000e4a00000|  0%| F|  |TAMS 0x00000000e4900000, 0x00000000e4900000| Untracked 
|  74|0x00000000e4a00000, 0x00000000e4a00000, 0x00000000e4b00000|  0%| F|  |TAMS 0x00000000e4a00000, 0x00000000e4a00000| Untracked 
|  75|0x00000000e4b00000, 0x00000000e4b00000, 0x00000000e4c00000|  0%| F|  |TAMS 0x00000000e4b00000, 0x00000000e4b00000| Untracked 
|  76|0x00000000e4c00000, 0x00000000e4c00000, 0x00000000e4d00000|  0%| F|  |TAMS 0x00000000e4c00000, 0x00000000e4c00000| Untracked 
|  77|0x00000000e4d00000, 0x00000000e4d00000, 0x00000000e4e00000|  0%| F|  |TAMS 0x00000000e4d00000, 0x00000000e4d00000| Untracked 
|  78|0x00000000e4e00000, 0x00000000e4e00000, 0x00000000e4f00000|  0%| F|  |TAMS 0x00000000e4e00000, 0x00000000e4e00000| Untracked 
|  79|0x00000000e4f00000, 0x00000000e4f00000, 0x00000000e5000000|  0%| F|  |TAMS 0x00000000e4f00000, 0x00000000e4f00000| Untracked 
|  80|0x00000000e5000000, 0x00000000e5000000, 0x00000000e5100000|  0%| F|  |TAMS 0x00000000e5000000, 0x00000000e5000000| Untracked 
|  81|0x00000000e5100000, 0x00000000e5100000, 0x00000000e5200000|  0%| F|  |TAMS 0x00000000e5100000, 0x00000000e5100000| Untracked 
|  82|0x00000000e5200000, 0x00000000e5200000, 0x00000000e5300000|  0%| F|  |TAMS 0x00000000e5200000, 0x00000000e5200000| Untracked 
|  83|0x00000000e5300000, 0x00000000e5300000, 0x00000000e5400000|  0%| F|  |TAMS 0x00000000e5300000, 0x00000000e5300000| Untracked 
|  84|0x00000000e5400000, 0x00000000e5400000, 0x00000000e5500000|  0%| F|  |TAMS 0x00000000e5400000, 0x00000000e5400000| Untracked 
|  85|0x00000000e5500000, 0x00000000e5500000, 0x00000000e5600000|  0%| F|  |TAMS 0x00000000e5500000, 0x00000000e5500000| Untracked 
|  86|0x00000000e5600000, 0x00000000e5600000, 0x00000000e5700000|  0%| F|  |TAMS 0x00000000e5600000, 0x00000000e5600000| Untracked 
|  87|0x00000000e5700000, 0x00000000e5700000, 0x00000000e5800000|  0%| F|  |TAMS 0x00000000e5700000, 0x00000000e5700000| Untracked 
|  88|0x00000000e5800000, 0x00000000e5800000, 0x00000000e5900000|  0%| F|  |TAMS 0x00000000e5800000, 0x00000000e5800000| Untracked 
|  89|0x00000000e5900000, 0x00000000e5900000, 0x00000000e5a00000|  0%| F|  |TAMS 0x00000000e5900000, 0x00000000e5900000| Untracked 
|  90|0x00000000e5a00000, 0x00000000e5a00000, 0x00000000e5b00000|  0%| F|  |TAMS 0x00000000e5a00000, 0x00000000e5a00000| Untracked 
|  91|0x00000000e5b00000, 0x00000000e5b00000, 0x00000000e5c00000|  0%| F|  |TAMS 0x00000000e5b00000, 0x00000000e5b00000| Untracked 
|  92|0x00000000e5c00000, 0x00000000e5c00000, 0x00000000e5d00000|  0%| F|  |TAMS 0x00000000e5c00000, 0x00000000e5c00000| Untracked 
|  93|0x00000000e5d00000, 0x00000000e5d00000, 0x00000000e5e00000|  0%| F|  |TAMS 0x00000000e5d00000, 0x00000000e5d00000| Untracked 
|  94|0x00000000e5e00000, 0x00000000e5e00000, 0x00000000e5f00000|  0%| F|  |TAMS 0x00000000e5e00000, 0x00000000e5e00000| Untracked 
|  95|0x00000000e5f00000, 0x00000000e5f00000, 0x00000000e6000000|  0%| F|  |TAMS 0x00000000e5f00000, 0x00000000e5f00000| Untracked 
|  96|0x00000000e6000000, 0x00000000e6000000, 0x00000000e6100000|  0%| F|  |TAMS 0x00000000e6000000, 0x00000000e6000000| Untracked 
|  97|0x00000000e6100000, 0x00000000e6100000, 0x00000000e6200000|  0%| F|  |TAMS 0x00000000e6100000, 0x00000000e6100000| Untracked 
|  98|0x00000000e6200000, 0x00000000e6200000, 0x00000000e6300000|  0%| F|  |TAMS 0x00000000e6200000, 0x00000000e6200000| Untracked 
|  99|0x00000000e6300000, 0x00000000e6300000, 0x00000000e6400000|  0%| F|  |TAMS 0x00000000e6300000, 0x00000000e6300000| Untracked 
| 100|0x00000000e6400000, 0x00000000e6400000, 0x00000000e6500000|  0%| F|  |TAMS 0x00000000e6400000, 0x00000000e6400000| Untracked 
| 101|0x00000000e6500000, 0x00000000e6500000, 0x00000000e6600000|  0%| F|  |TAMS 0x00000000e6500000, 0x00000000e6500000| Untracked 
| 102|0x00000000e6600000, 0x00000000e6600000, 0x00000000e6700000|  0%| F|  |TAMS 0x00000000e6600000, 0x00000000e6600000| Untracked 
| 103|0x00000000e6700000, 0x00000000e6700000, 0x00000000e6800000|  0%| F|  |TAMS 0x00000000e6700000, 0x00000000e6700000| Untracked 
| 104|0x00000000e6800000, 0x00000000e6800000, 0x00000000e6900000|  0%| F|  |TAMS 0x00000000e6800000, 0x00000000e6800000| Untracked 
| 105|0x00000000e6900000, 0x00000000e6900000, 0x00000000e6a00000|  0%| F|  |TAMS 0x00000000e6900000, 0x00000000e6900000| Untracked 
| 106|0x00000000e6a00000, 0x00000000e6a00000, 0x00000000e6b00000|  0%| F|  |TAMS 0x00000000e6a00000, 0x00000000e6a00000| Untracked 
| 107|0x00000000e6b00000, 0x00000000e6b00000, 0x00000000e6c00000|  0%| F|  |TAMS 0x00000000e6b00000, 0x00000000e6b00000| Untracked 
| 108|0x00000000e6c00000, 0x00000000e6c00000, 0x00000000e6d00000|  0%| F|  |TAMS 0x00000000e6c00000, 0x00000000e6c00000| Untracked 
| 109|0x00000000e6d00000, 0x00000000e6d00000, 0x00000000e6e00000|  0%| F|  |TAMS 0x00000000e6d00000, 0x00000000e6d00000| Untracked 
| 110|0x00000000e6e00000, 0x00000000e6e00000, 0x00000000e6f00000|  0%| F|  |TAMS 0x00000000e6e00000, 0x00000000e6e00000| Untracked 
| 111|0x00000000e6f00000, 0x00000000e6f00000, 0x00000000e7000000|  0%| F|  |TAMS 0x00000000e6f00000, 0x00000000e6f00000| Untracked 
| 112|0x00000000e7000000, 0x00000000e7000000, 0x00000000e7100000|  0%| F|  |TAMS 0x00000000e7000000, 0x00000000e7000000| Untracked 
| 113|0x00000000e7100000, 0x00000000e7100000, 0x00000000e7200000|  0%| F|  |TAMS 0x00000000e7100000, 0x00000000e7100000| Untracked 
| 114|0x00000000e7200000, 0x00000000e7200000, 0x00000000e7300000|  0%| F|  |TAMS 0x00000000e7200000, 0x00000000e7200000| Untracked 
| 115|0x00000000e7300000, 0x00000000e7300000, 0x00000000e7400000|  0%| F|  |TAMS 0x00000000e7300000, 0x00000000e7300000| Untracked 
| 116|0x00000000e7400000, 0x00000000e7400000, 0x00000000e7500000|  0%| F|  |TAMS 0x00000000e7400000, 0x00000000e7400000| Untracked 
| 117|0x00000000e7500000, 0x00000000e7500000, 0x00000000e7600000|  0%| F|  |TAMS 0x00000000e7500000, 0x00000000e7500000| Untracked 
| 118|0x00000000e7600000, 0x00000000e7600000, 0x00000000e7700000|  0%| F|  |TAMS 0x00000000e7600000, 0x00000000e7600000| Untracked 
| 119|0x00000000e7700000, 0x00000000e7700000, 0x00000000e7800000|  0%| F|  |TAMS 0x00000000e7700000, 0x00000000e7700000| Untracked 
| 120|0x00000000e7800000, 0x00000000e7800000, 0x00000000e7900000|  0%| F|  |TAMS 0x00000000e7800000, 0x00000000e7800000| Untracked 
| 121|0x00000000e7900000, 0x00000000e7900000, 0x00000000e7a00000|  0%| F|  |TAMS 0x00000000e7900000, 0x00000000e7900000| Untracked 
| 122|0x00000000e7a00000, 0x00000000e7a00000, 0x00000000e7b00000|  0%| F|  |TAMS 0x00000000e7a00000, 0x00000000e7a00000| Untracked 
| 123|0x00000000e7b00000, 0x00000000e7b00000, 0x00000000e7c00000|  0%| F|  |TAMS 0x00000000e7b00000, 0x00000000e7b00000| Untracked 
| 124|0x00000000e7c00000, 0x00000000e7c00000, 0x00000000e7d00000|  0%| F|  |TAMS 0x00000000e7c00000, 0x00000000e7c00000| Untracked 
| 125|0x00000000e7d00000, 0x00000000e7df76c8, 0x00000000e7e00000| 96%| S|CS|TAMS 0x00000000e7d00000, 0x00000000e7d00000| Complete 
| 126|0x00000000e7e00000, 0x00000000e7f00000, 0x00000000e7f00000|100%| S|CS|TAMS 0x00000000e7e00000, 0x00000000e7e00000| Complete 
| 127|0x00000000e7f00000, 0x00000000e8000000, 0x00000000e8000000|100%| S|CS|TAMS 0x00000000e7f00000, 0x00000000e7f00000| Complete 
| 128|0x00000000e8000000, 0x00000000e8100000, 0x00000000e8100000|100%| S|CS|TAMS 0x00000000e8000000, 0x00000000e8000000| Complete 
| 129|0x00000000e8100000, 0x00000000e8200000, 0x00000000e8200000|100%| S|CS|TAMS 0x00000000e8100000, 0x00000000e8100000| Complete 
| 130|0x00000000e8200000, 0x00000000e8300000, 0x00000000e8300000|100%| S|CS|TAMS 0x00000000e8200000, 0x00000000e8200000| Complete 
| 131|0x00000000e8300000, 0x00000000e8400000, 0x00000000e8400000|100%| S|CS|TAMS 0x00000000e8300000, 0x00000000e8300000| Complete 
| 132|0x00000000e8400000, 0x00000000e8500000, 0x00000000e8500000|100%| S|CS|TAMS 0x00000000e8400000, 0x00000000e8400000| Complete 
| 133|0x00000000e8500000, 0x00000000e8600000, 0x00000000e8600000|100%| S|CS|TAMS 0x00000000e8500000, 0x00000000e8500000| Complete 
| 134|0x00000000e8600000, 0x00000000e8700000, 0x00000000e8700000|100%| S|CS|TAMS 0x00000000e8600000, 0x00000000e8600000| Complete 
| 135|0x00000000e8700000, 0x00000000e8800000, 0x00000000e8800000|100%| S|CS|TAMS 0x00000000e8700000, 0x00000000e8700000| Complete 
| 136|0x00000000e8800000, 0x00000000e8900000, 0x00000000e8900000|100%| S|CS|TAMS 0x00000000e8800000, 0x00000000e8800000| Complete 
| 137|0x00000000e8900000, 0x00000000e8a00000, 0x00000000e8a00000|100%| S|CS|TAMS 0x00000000e8900000, 0x00000000e8900000| Complete 
| 138|0x00000000e8a00000, 0x00000000e8a00000, 0x00000000e8b00000|  0%| F|  |TAMS 0x00000000e8a00000, 0x00000000e8a00000| Untracked 
| 139|0x00000000e8b00000, 0x00000000e8b00000, 0x00000000e8c00000|  0%| F|  |TAMS 0x00000000e8b00000, 0x00000000e8b00000| Untracked 
| 140|0x00000000e8c00000, 0x00000000e8c00000, 0x00000000e8d00000|  0%| F|  |TAMS 0x00000000e8c00000, 0x00000000e8c00000| Untracked 
| 141|0x00000000e8d00000, 0x00000000e8d00000, 0x00000000e8e00000|  0%| F|  |TAMS 0x00000000e8d00000, 0x00000000e8d00000| Untracked 
| 142|0x00000000e8e00000, 0x00000000e8e00000, 0x00000000e8f00000|  0%| F|  |TAMS 0x00000000e8e00000, 0x00000000e8e00000| Untracked 
| 143|0x00000000e8f00000, 0x00000000e8f00000, 0x00000000e9000000|  0%| F|  |TAMS 0x00000000e8f00000, 0x00000000e8f00000| Untracked 
| 144|0x00000000e9000000, 0x00000000e9000000, 0x00000000e9100000|  0%| F|  |TAMS 0x00000000e9000000, 0x00000000e9000000| Untracked 
| 145|0x00000000e9100000, 0x00000000e9100000, 0x00000000e9200000|  0%| F|  |TAMS 0x00000000e9100000, 0x00000000e9100000| Untracked 
| 146|0x00000000e9200000, 0x00000000e9200000, 0x00000000e9300000|  0%| F|  |TAMS 0x00000000e9200000, 0x00000000e9200000| Untracked 
| 147|0x00000000e9300000, 0x00000000e9300000, 0x00000000e9400000|  0%| F|  |TAMS 0x00000000e9300000, 0x00000000e9300000| Untracked 
| 148|0x00000000e9400000, 0x00000000e9400000, 0x00000000e9500000|  0%| F|  |TAMS 0x00000000e9400000, 0x00000000e9400000| Untracked 
| 149|0x00000000e9500000, 0x00000000e9500000, 0x00000000e9600000|  0%| F|  |TAMS 0x00000000e9500000, 0x00000000e9500000| Untracked 
| 150|0x00000000e9600000, 0x00000000e9600000, 0x00000000e9700000|  0%| F|  |TAMS 0x00000000e9600000, 0x00000000e9600000| Untracked 
| 151|0x00000000e9700000, 0x00000000e9700000, 0x00000000e9800000|  0%| F|  |TAMS 0x00000000e9700000, 0x00000000e9700000| Untracked 
| 152|0x00000000e9800000, 0x00000000e9800000, 0x00000000e9900000|  0%| F|  |TAMS 0x00000000e9800000, 0x00000000e9800000| Untracked 
| 153|0x00000000e9900000, 0x00000000e9900000, 0x00000000e9a00000|  0%| F|  |TAMS 0x00000000e9900000, 0x00000000e9900000| Untracked 
| 154|0x00000000e9a00000, 0x00000000e9a00000, 0x00000000e9b00000|  0%| F|  |TAMS 0x00000000e9a00000, 0x00000000e9a00000| Untracked 
| 155|0x00000000e9b00000, 0x00000000e9b00000, 0x00000000e9c00000|  0%| F|  |TAMS 0x00000000e9b00000, 0x00000000e9b00000| Untracked 
| 156|0x00000000e9c00000, 0x00000000e9c00000, 0x00000000e9d00000|  0%| F|  |TAMS 0x00000000e9c00000, 0x00000000e9c00000| Untracked 
| 157|0x00000000e9d00000, 0x00000000e9d00000, 0x00000000e9e00000|  0%| F|  |TAMS 0x00000000e9d00000, 0x00000000e9d00000| Untracked 
| 158|0x00000000e9e00000, 0x00000000e9e00000, 0x00000000e9f00000|  0%| F|  |TAMS 0x00000000e9e00000, 0x00000000e9e00000| Untracked 
| 159|0x00000000e9f00000, 0x00000000e9f00000, 0x00000000ea000000|  0%| F|  |TAMS 0x00000000e9f00000, 0x00000000e9f00000| Untracked 
| 160|0x00000000ea000000, 0x00000000ea000000, 0x00000000ea100000|  0%| F|  |TAMS 0x00000000ea000000, 0x00000000ea000000| Untracked 
| 161|0x00000000ea100000, 0x00000000ea100000, 0x00000000ea200000|  0%| F|  |TAMS 0x00000000ea100000, 0x00000000ea100000| Untracked 
| 162|0x00000000ea200000, 0x00000000ea200000, 0x00000000ea300000|  0%| F|  |TAMS 0x00000000ea200000, 0x00000000ea200000| Untracked 
| 163|0x00000000ea300000, 0x00000000ea300000, 0x00000000ea400000|  0%| F|  |TAMS 0x00000000ea300000, 0x00000000ea300000| Untracked 
| 164|0x00000000ea400000, 0x00000000ea400000, 0x00000000ea500000|  0%| F|  |TAMS 0x00000000ea400000, 0x00000000ea400000| Untracked 
| 165|0x00000000ea500000, 0x00000000ea500000, 0x00000000ea600000|  0%| F|  |TAMS 0x00000000ea500000, 0x00000000ea500000| Untracked 
| 166|0x00000000ea600000, 0x00000000ea600000, 0x00000000ea700000|  0%| F|  |TAMS 0x00000000ea600000, 0x00000000ea600000| Untracked 
| 167|0x00000000ea700000, 0x00000000ea700000, 0x00000000ea800000|  0%| F|  |TAMS 0x00000000ea700000, 0x00000000ea700000| Untracked 
| 168|0x00000000ea800000, 0x00000000ea88fe00, 0x00000000ea900000| 56%| E|  |TAMS 0x00000000ea800000, 0x00000000ea800000| Complete 
| 169|0x00000000ea900000, 0x00000000eaa00000, 0x00000000eaa00000|100%| E|CS|TAMS 0x00000000ea900000, 0x00000000ea900000| Complete 
| 170|0x00000000eaa00000, 0x00000000eab00000, 0x00000000eab00000|100%| E|CS|TAMS 0x00000000eaa00000, 0x00000000eaa00000| Complete 
| 171|0x00000000eab00000, 0x00000000eac00000, 0x00000000eac00000|100%| E|CS|TAMS 0x00000000eab00000, 0x00000000eab00000| Complete 
| 172|0x00000000eac00000, 0x00000000ead00000, 0x00000000ead00000|100%| E|CS|TAMS 0x00000000eac00000, 0x00000000eac00000| Complete 
| 173|0x00000000ead00000, 0x00000000eae00000, 0x00000000eae00000|100%| E|CS|TAMS 0x00000000ead00000, 0x00000000ead00000| Complete 
| 174|0x00000000eae00000, 0x00000000eaf00000, 0x00000000eaf00000|100%| E|CS|TAMS 0x00000000eae00000, 0x00000000eae00000| Complete 
| 175|0x00000000eaf00000, 0x00000000eb000000, 0x00000000eb000000|100%| E|CS|TAMS 0x00000000eaf00000, 0x00000000eaf00000| Complete 
| 176|0x00000000eb000000, 0x00000000eb100000, 0x00000000eb100000|100%| E|CS|TAMS 0x00000000eb000000, 0x00000000eb000000| Complete 
| 177|0x00000000eb100000, 0x00000000eb200000, 0x00000000eb200000|100%| E|CS|TAMS 0x00000000eb100000, 0x00000000eb100000| Complete 
| 178|0x00000000eb200000, 0x00000000eb300000, 0x00000000eb300000|100%| E|CS|TAMS 0x00000000eb200000, 0x00000000eb200000| Complete 
| 179|0x00000000eb300000, 0x00000000eb400000, 0x00000000eb400000|100%| E|CS|TAMS 0x00000000eb300000, 0x00000000eb300000| Complete 
| 180|0x00000000eb400000, 0x00000000eb500000, 0x00000000eb500000|100%| E|CS|TAMS 0x00000000eb400000, 0x00000000eb400000| Complete 
| 181|0x00000000eb500000, 0x00000000eb600000, 0x00000000eb600000|100%| E|CS|TAMS 0x00000000eb500000, 0x00000000eb500000| Complete 
| 182|0x00000000eb600000, 0x00000000eb700000, 0x00000000eb700000|100%| E|CS|TAMS 0x00000000eb600000, 0x00000000eb600000| Complete 
| 183|0x00000000eb700000, 0x00000000eb800000, 0x00000000eb800000|100%| E|CS|TAMS 0x00000000eb700000, 0x00000000eb700000| Complete 
| 184|0x00000000eb800000, 0x00000000eb900000, 0x00000000eb900000|100%| E|CS|TAMS 0x00000000eb800000, 0x00000000eb800000| Complete 
| 185|0x00000000eb900000, 0x00000000eba00000, 0x00000000eba00000|100%| E|CS|TAMS 0x00000000eb900000, 0x00000000eb900000| Complete 
| 186|0x00000000eba00000, 0x00000000ebb00000, 0x00000000ebb00000|100%| E|CS|TAMS 0x00000000eba00000, 0x00000000eba00000| Complete 
| 187|0x00000000ebb00000, 0x00000000ebc00000, 0x00000000ebc00000|100%| E|CS|TAMS 0x00000000ebb00000, 0x00000000ebb00000| Complete 
| 188|0x00000000ebc00000, 0x00000000ebd00000, 0x00000000ebd00000|100%| E|  |TAMS 0x00000000ebc00000, 0x00000000ebc00000| Complete 
| 189|0x00000000ebd00000, 0x00000000ebe00000, 0x00000000ebe00000|100%| E|CS|TAMS 0x00000000ebd00000, 0x00000000ebd00000| Complete 
| 190|0x00000000ebe00000, 0x00000000ebf00000, 0x00000000ebf00000|100%| E|CS|TAMS 0x00000000ebe00000, 0x00000000ebe00000| Complete 
| 191|0x00000000ebf00000, 0x00000000ec000000, 0x00000000ec000000|100%| E|CS|TAMS 0x00000000ebf00000, 0x00000000ebf00000| Complete 
| 192|0x00000000ec000000, 0x00000000ec100000, 0x00000000ec100000|100%| E|CS|TAMS 0x00000000ec000000, 0x00000000ec000000| Complete 
| 193|0x00000000ec100000, 0x00000000ec200000, 0x00000000ec200000|100%| E|CS|TAMS 0x00000000ec100000, 0x00000000ec100000| Complete 
| 194|0x00000000ec200000, 0x00000000ec300000, 0x00000000ec300000|100%| E|CS|TAMS 0x00000000ec200000, 0x00000000ec200000| Complete 
| 195|0x00000000ec300000, 0x00000000ec400000, 0x00000000ec400000|100%| E|CS|TAMS 0x00000000ec300000, 0x00000000ec300000| Complete 
| 196|0x00000000ec400000, 0x00000000ec500000, 0x00000000ec500000|100%| E|CS|TAMS 0x00000000ec400000, 0x00000000ec400000| Complete 
| 197|0x00000000ec500000, 0x00000000ec600000, 0x00000000ec600000|100%| E|CS|TAMS 0x00000000ec500000, 0x00000000ec500000| Complete 
| 198|0x00000000ec600000, 0x00000000ec700000, 0x00000000ec700000|100%| E|CS|TAMS 0x00000000ec600000, 0x00000000ec600000| Complete 
| 199|0x00000000ec700000, 0x00000000ec800000, 0x00000000ec800000|100%| E|CS|TAMS 0x00000000ec700000, 0x00000000ec700000| Complete 
| 200|0x00000000ec800000, 0x00000000ec900000, 0x00000000ec900000|100%| E|CS|TAMS 0x00000000ec800000, 0x00000000ec800000| Complete 
| 201|0x00000000ec900000, 0x00000000eca00000, 0x00000000eca00000|100%| E|CS|TAMS 0x00000000ec900000, 0x00000000ec900000| Complete 
| 202|0x00000000eca00000, 0x00000000ecb00000, 0x00000000ecb00000|100%| E|CS|TAMS 0x00000000eca00000, 0x00000000eca00000| Complete 
| 203|0x00000000ecb00000, 0x00000000ecc00000, 0x00000000ecc00000|100%| E|CS|TAMS 0x00000000ecb00000, 0x00000000ecb00000| Complete 
| 204|0x00000000ecc00000, 0x00000000ecd00000, 0x00000000ecd00000|100%| E|CS|TAMS 0x00000000ecc00000, 0x00000000ecc00000| Complete 
| 205|0x00000000ecd00000, 0x00000000ece00000, 0x00000000ece00000|100%| E|CS|TAMS 0x00000000ecd00000, 0x00000000ecd00000| Complete 
| 206|0x00000000ece00000, 0x00000000ecf00000, 0x00000000ecf00000|100%| E|CS|TAMS 0x00000000ece00000, 0x00000000ece00000| Complete 
| 207|0x00000000ecf00000, 0x00000000ed000000, 0x00000000ed000000|100%| E|CS|TAMS 0x00000000ecf00000, 0x00000000ecf00000| Complete 
| 208|0x00000000ed000000, 0x00000000ed100000, 0x00000000ed100000|100%| E|CS|TAMS 0x00000000ed000000, 0x00000000ed000000| Complete 
| 209|0x00000000ed100000, 0x00000000ed200000, 0x00000000ed200000|100%| E|CS|TAMS 0x00000000ed100000, 0x00000000ed100000| Complete 
| 210|0x00000000ed200000, 0x00000000ed300000, 0x00000000ed300000|100%| E|CS|TAMS 0x00000000ed200000, 0x00000000ed200000| Complete 
| 211|0x00000000ed300000, 0x00000000ed400000, 0x00000000ed400000|100%| E|CS|TAMS 0x00000000ed300000, 0x00000000ed300000| Complete 
| 212|0x00000000ed400000, 0x00000000ed500000, 0x00000000ed500000|100%| E|CS|TAMS 0x00000000ed400000, 0x00000000ed400000| Complete 
| 213|0x00000000ed500000, 0x00000000ed600000, 0x00000000ed600000|100%| E|CS|TAMS 0x00000000ed500000, 0x00000000ed500000| Complete 
| 214|0x00000000ed600000, 0x00000000ed700000, 0x00000000ed700000|100%| E|CS|TAMS 0x00000000ed600000, 0x00000000ed600000| Complete 
| 215|0x00000000ed700000, 0x00000000ed800000, 0x00000000ed800000|100%| E|CS|TAMS 0x00000000ed700000, 0x00000000ed700000| Complete 
| 216|0x00000000ed800000, 0x00000000ed900000, 0x00000000ed900000|100%| E|CS|TAMS 0x00000000ed800000, 0x00000000ed800000| Complete 
| 217|0x00000000ed900000, 0x00000000eda00000, 0x00000000eda00000|100%| E|CS|TAMS 0x00000000ed900000, 0x00000000ed900000| Complete 
| 218|0x00000000eda00000, 0x00000000edb00000, 0x00000000edb00000|100%| E|CS|TAMS 0x00000000eda00000, 0x00000000eda00000| Complete 
| 219|0x00000000edb00000, 0x00000000edc00000, 0x00000000edc00000|100%| E|CS|TAMS 0x00000000edb00000, 0x00000000edb00000| Complete 
| 220|0x00000000edc00000, 0x00000000edd00000, 0x00000000edd00000|100%| E|CS|TAMS 0x00000000edc00000, 0x00000000edc00000| Complete 
| 221|0x00000000edd00000, 0x00000000ede00000, 0x00000000ede00000|100%| E|CS|TAMS 0x00000000edd00000, 0x00000000edd00000| Complete 
| 222|0x00000000ede00000, 0x00000000edf00000, 0x00000000edf00000|100%| E|CS|TAMS 0x00000000ede00000, 0x00000000ede00000| Complete 
| 223|0x00000000edf00000, 0x00000000ee000000, 0x00000000ee000000|100%| E|CS|TAMS 0x00000000edf00000, 0x00000000edf00000| Complete 
| 224|0x00000000ee000000, 0x00000000ee100000, 0x00000000ee100000|100%| E|CS|TAMS 0x00000000ee000000, 0x00000000ee000000| Complete 
| 225|0x00000000ee100000, 0x00000000ee200000, 0x00000000ee200000|100%| E|CS|TAMS 0x00000000ee100000, 0x00000000ee100000| Complete 
| 226|0x00000000ee200000, 0x00000000ee300000, 0x00000000ee300000|100%| E|CS|TAMS 0x00000000ee200000, 0x00000000ee200000| Complete 
| 227|0x00000000ee300000, 0x00000000ee400000, 0x00000000ee400000|100%| E|CS|TAMS 0x00000000ee300000, 0x00000000ee300000| Complete 
| 228|0x00000000ee400000, 0x00000000ee500000, 0x00000000ee500000|100%| E|CS|TAMS 0x00000000ee400000, 0x00000000ee400000| Complete 
| 229|0x00000000ee500000, 0x00000000ee600000, 0x00000000ee600000|100%| E|CS|TAMS 0x00000000ee500000, 0x00000000ee500000| Complete 
| 230|0x00000000ee600000, 0x00000000ee700000, 0x00000000ee700000|100%| E|CS|TAMS 0x00000000ee600000, 0x00000000ee600000| Complete 
| 231|0x00000000ee700000, 0x00000000ee800000, 0x00000000ee800000|100%| E|CS|TAMS 0x00000000ee700000, 0x00000000ee700000| Complete 
| 232|0x00000000ee800000, 0x00000000ee900000, 0x00000000ee900000|100%| E|CS|TAMS 0x00000000ee800000, 0x00000000ee800000| Complete 
| 233|0x00000000ee900000, 0x00000000eea00000, 0x00000000eea00000|100%| E|CS|TAMS 0x00000000ee900000, 0x00000000ee900000| Complete 
| 234|0x00000000eea00000, 0x00000000eeb00000, 0x00000000eeb00000|100%| E|CS|TAMS 0x00000000eea00000, 0x00000000eea00000| Complete 
| 235|0x00000000eeb00000, 0x00000000eec00000, 0x00000000eec00000|100%| E|CS|TAMS 0x00000000eeb00000, 0x00000000eeb00000| Complete 
| 236|0x00000000eec00000, 0x00000000eed00000, 0x00000000eed00000|100%| E|CS|TAMS 0x00000000eec00000, 0x00000000eec00000| Complete 
| 237|0x00000000eed00000, 0x00000000eee00000, 0x00000000eee00000|100%| E|CS|TAMS 0x00000000eed00000, 0x00000000eed00000| Complete 
| 238|0x00000000eee00000, 0x00000000eef00000, 0x00000000eef00000|100%| E|CS|TAMS 0x00000000eee00000, 0x00000000eee00000| Complete 
| 239|0x00000000eef00000, 0x00000000ef000000, 0x00000000ef000000|100%| E|CS|TAMS 0x00000000eef00000, 0x00000000eef00000| Complete 
| 240|0x00000000ef000000, 0x00000000ef100000, 0x00000000ef100000|100%| E|CS|TAMS 0x00000000ef000000, 0x00000000ef000000| Complete 
| 241|0x00000000ef100000, 0x00000000ef200000, 0x00000000ef200000|100%| E|CS|TAMS 0x00000000ef100000, 0x00000000ef100000| Complete 
| 242|0x00000000ef200000, 0x00000000ef300000, 0x00000000ef300000|100%| E|CS|TAMS 0x00000000ef200000, 0x00000000ef200000| Complete 
| 243|0x00000000ef300000, 0x00000000ef400000, 0x00000000ef400000|100%| E|CS|TAMS 0x00000000ef300000, 0x00000000ef300000| Complete 
| 244|0x00000000ef400000, 0x00000000ef500000, 0x00000000ef500000|100%| E|CS|TAMS 0x00000000ef400000, 0x00000000ef400000| Complete 
| 245|0x00000000ef500000, 0x00000000ef600000, 0x00000000ef600000|100%| E|CS|TAMS 0x00000000ef500000, 0x00000000ef500000| Complete 
| 246|0x00000000ef600000, 0x00000000ef700000, 0x00000000ef700000|100%| E|CS|TAMS 0x00000000ef600000, 0x00000000ef600000| Complete 
| 247|0x00000000ef700000, 0x00000000ef800000, 0x00000000ef800000|100%| E|CS|TAMS 0x00000000ef700000, 0x00000000ef700000| Complete 
| 248|0x00000000ef800000, 0x00000000ef900000, 0x00000000ef900000|100%| E|CS|TAMS 0x00000000ef800000, 0x00000000ef800000| Complete 
| 249|0x00000000ef900000, 0x00000000efa00000, 0x00000000efa00000|100%| E|CS|TAMS 0x00000000ef900000, 0x00000000ef900000| Complete 
| 250|0x00000000efa00000, 0x00000000efb00000, 0x00000000efb00000|100%| E|CS|TAMS 0x00000000efa00000, 0x00000000efa00000| Complete 
| 251|0x00000000efb00000, 0x00000000efc00000, 0x00000000efc00000|100%| E|CS|TAMS 0x00000000efb00000, 0x00000000efb00000| Complete 
| 252|0x00000000efc00000, 0x00000000efd00000, 0x00000000efd00000|100%| E|CS|TAMS 0x00000000efc00000, 0x00000000efc00000| Complete 
| 253|0x00000000efd00000, 0x00000000efe00000, 0x00000000efe00000|100%| E|CS|TAMS 0x00000000efd00000, 0x00000000efd00000| Complete 
| 254|0x00000000efe00000, 0x00000000eff00000, 0x00000000eff00000|100%| E|CS|TAMS 0x00000000efe00000, 0x00000000efe00000| Complete 
| 255|0x00000000eff00000, 0x00000000f0000000, 0x00000000f0000000|100%| E|CS|TAMS 0x00000000eff00000, 0x00000000eff00000| Complete 

Card table byte_map: [0x0000019320220000,0x0000019320320000] _byte_map_base: 0x000001931fb20000

Marking Bits (Prev, Next): (CMBitMap*) 0x0000019308f1dd28, (CMBitMap*) 0x0000019308f1dd60
 Prev Bits: [0x0000019320420000, 0x0000019320c20000)
 Next Bits: [0x0000019320c20000, 0x0000019321420000)

Polling page: 0x0000019306f00000

Metaspace:

Usage:
  Non-class:     45.51 MB capacity,    44.83 MB ( 98%) used,   615.73 KB (  1%) free+waste,    87.50 KB ( <1%) overhead. 
      Class:      6.82 MB capacity,     6.48 MB ( 95%) used,   310.65 KB (  4%) free+waste,    38.75 KB ( <1%) overhead. 
       Both:     52.33 MB capacity,    51.30 MB ( 98%) used,   926.38 KB (  2%) free+waste,   126.25 KB ( <1%) overhead. 

Virtual space:
  Non-class space:       46.00 MB reserved,      45.75 MB (>99%) committed 
      Class space:      248.00 MB reserved,       6.88 MB (  3%) committed 
             Both:      294.00 MB reserved,      52.63 MB ( 18%) committed 

Chunk freelists:
   Non-Class:  6.13 KB
       Class:  0 bytes
        Both:  6.13 KB

CodeHeap 'non-profiled nmethods': size=120064Kb used=3323Kb max_used=3323Kb free=116741Kb
 bounds [0x0000019318ce0000, 0x0000019319020000, 0x0000019320220000]
CodeHeap 'profiled nmethods': size=120000Kb used=12943Kb max_used=12943Kb free=107056Kb
 bounds [0x00000193117b0000, 0x0000019312460000, 0x0000019318ce0000]
CodeHeap 'non-nmethods': size=5696Kb used=2307Kb max_used=2351Kb free=3388Kb
 bounds [0x0000019311220000, 0x0000019311490000, 0x00000193117b0000]
 total_blobs=7435 nmethods=5198 adapters=715
 compilation: enabled
              stopped_count=0, restarted_count=0
 full_count=0

Compilation events (10 events):
Event: 63.896 Thread 0x0000019323a56800 nmethod 5385 0x0000019312450010 code [0x00000193124502e0, 0x0000019312451410]
Event: 63.896 Thread 0x0000019323a56800 5386       3       java.math.BigInteger::stripLeadingZeroBytes (141 bytes)
Event: 63.897 Thread 0x0000019323a56800 nmethod 5386 0x0000019312451b90 code [0x0000019312451d80, 0x0000019312452378]
Event: 63.902 Thread 0x0000019323a56800 5387       3       org.gradle.api.internal.attributes.DefaultImmutableAttributes::isEmpty (13 bytes)
Event: 63.902 Thread 0x0000019323a56800 nmethod 5387 0x0000019312452690 code [0x0000019312452840, 0x00000193124529f8]
Event: 64.012 Thread 0x0000019323a56800 5388       1       org.gradle.execution.plan.DefaultPlanExecutor$ExecutorWorker::access$400 (5 bytes)
Event: 64.013 Thread 0x0000019323a56800 nmethod 5388 0x0000019319018f90 code [0x0000019319019140, 0x0000019319019238]
Event: 64.042 Thread 0x0000019323a56800 5389       1       io.spring.gradle.dependencymanagement.org.apache.maven.model.Profile::getActivation (5 bytes)
Event: 64.042 Thread 0x0000019323a56800 nmethod 5389 0x0000019319019310 code [0x00000193190194c0, 0x00000193190195d8]
Event: 64.057 Thread 0x0000019323a56800 5391       1       io.spring.gradle.dependencymanagement.org.apache.maven.model.Dependency::getOptional (5 bytes)

GC Heap History (10 events):
Event: 41.830 GC heap before
{Heap before GC invocations=2 (full 0):
 garbage-first heap   total 262144K, used 38609K [0x00000000e0000000, 0x0000000100000000)
  region size 1024K, 31 young (31744K), 1 survivors (1024K)
 Metaspace       used 13169K, capacity 13495K, committed 13696K, reserved 266240K
  class space    used 1448K, capacity 1538K, committed 1664K, reserved 253952K
}
Event: 41.835 GC heap after
{Heap after GC invocations=3 (full 0):
 garbage-first heap   total 262144K, used 12944K [0x00000000e0000000, 0x0000000100000000)
  region size 1024K, 4 young (4096K), 4 survivors (4096K)
 Metaspace       used 13169K, capacity 13495K, committed 13696K, reserved 266240K
  class space    used 1448K, capacity 1538K, committed 1664K, reserved 253952K
}
Event: 44.193 GC heap before
{Heap before GC invocations=3 (full 0):
 garbage-first heap   total 262144K, used 54928K [0x00000000e0000000, 0x0000000100000000)
  region size 1024K, 46 young (47104K), 4 survivors (4096K)
 Metaspace       used 20728K, capacity 21146K, committed 21248K, reserved 272384K
  class space    used 2582K, capacity 2742K, committed 2816K, reserved 253952K
}
Event: 44.205 GC heap after
{Heap after GC invocations=4 (full 0):
 garbage-first heap   total 262144K, used 15644K [0x00000000e0000000, 0x0000000100000000)
  region size 1024K, 3 young (3072K), 3 survivors (3072K)
 Metaspace       used 20728K, capacity 21146K, committed 21248K, reserved 272384K
  class space    used 2582K, capacity 2742K, committed 2816K, reserved 253952K
}
Event: 46.519 GC heap before
{Heap before GC invocations=5 (full 0):
 garbage-first heap   total 262144K, used 70940K [0x00000000e0000000, 0x0000000100000000)
  region size 1024K, 58 young (59392K), 3 survivors (3072K)
 Metaspace       used 29700K, capacity 30202K, committed 30336K, reserved 280576K
  class space    used 3701K, capacity 3854K, committed 3968K, reserved 253952K
}
Event: 46.531 GC heap after
{Heap after GC invocations=6 (full 0):
 garbage-first heap   total 262144K, used 18396K [0x00000000e0000000, 0x0000000100000000)
  region size 1024K, 6 young (6144K), 6 survivors (6144K)
 Metaspace       used 29700K, capacity 30202K, committed 30336K, reserved 280576K
  class space    used 3701K, capacity 3854K, committed 3968K, reserved 253952K
}
Event: 47.569 GC heap before
{Heap before GC invocations=6 (full 0):
 garbage-first heap   total 262144K, used 43996K [0x00000000e0000000, 0x0000000100000000)
  region size 1024K, 30 young (30720K), 6 survivors (6144K)
 Metaspace       used 35163K, capacity 35751K, committed 35840K, reserved 286720K
  class space    used 4215K, capacity 4441K, committed 4480K, reserved 253952K
}
Event: 47.584 GC heap after
{Heap after GC invocations=7 (full 0):
 garbage-first heap   total 262144K, used 20969K [0x00000000e0000000, 0x0000000100000000)
  region size 1024K, 8 young (8192K), 8 survivors (8192K)
 Metaspace       used 35163K, capacity 35751K, committed 35840K, reserved 286720K
  class space    used 4215K, capacity 4441K, committed 4480K, reserved 253952K
}
Event: 52.649 GC heap before
{Heap before GC invocations=8 (full 0):
 garbage-first heap   total 262144K, used 133609K [0x00000000e0000000, 0x0000000100000000)
  region size 1024K, 118 young (120832K), 8 survivors (8192K)
 Metaspace       used 45872K, capacity 46730K, committed 46976K, reserved 294912K
  class space    used 5729K, capacity 6003K, committed 6016K, reserved 253952K
}
Event: 52.673 GC heap after
{Heap after GC invocations=9 (full 0):
 garbage-first heap   total 262144K, used 26227K [0x00000000e0000000, 0x0000000100000000)
  region size 1024K, 13 young (13312K), 13 survivors (13312K)
 Metaspace       used 45872K, capacity 46730K, committed 46976K, reserved 294912K
  class space    used 5729K, capacity 6003K, committed 6016K, reserved 253952K
}

Deoptimization events (10 events):
Event: 56.686 Thread 0x0000019329db7000 Uncommon trap: reason=unstable_if action=reinterpret pc=0x0000019318fc80dc method=io.spring.gradle.dependencymanagement.org.codehaus.plexus.util.xml.pull.MXParser.nextImpl()I @ 91 c2
Event: 57.841 Thread 0x0000019329db7000 Uncommon trap: reason=class_check action=maybe_recompile pc=0x0000019318eb71bc method=java.util.regex.Matcher.getTextLength()I @ 4 c2
Event: 57.847 Thread 0x0000019329db7000 Uncommon trap: reason=unstable_if action=reinterpret pc=0x0000019318fcaaac method=io.spring.gradle.dependencymanagement.org.codehaus.plexus.util.xml.pull.MXParser.isWhitespace()Z @ 20 c2
Event: 58.027 Thread 0x0000019329db7000 Uncommon trap: reason=class_check action=maybe_recompile pc=0x0000019318eb71bc method=java.util.regex.Matcher.getTextLength()I @ 4 c2
Event: 58.241 Thread 0x0000019329db7000 Uncommon trap: reason=unstable_if action=reinterpret pc=0x0000019318fd24c0 method=io.spring.gradle.dependencymanagement.org.apache.maven.model.interpolation.StringSearchModelInterpolator$InterpolateObjectAction.isQualifiedForInterpolation(Ljava/lang/refle
Event: 58.310 Thread 0x0000019329db7000 Uncommon trap: reason=unstable_if action=reinterpret pc=0x0000019318fd0d74 method=java.lang.String.indexOf([BBILjava/lang/String;I)I @ 54 c2
Event: 59.762 Thread 0x0000019329db7000 Uncommon trap: reason=unstable_if action=reinterpret pc=0x0000019318d06294 method=java.lang.StringCoding.hasNegatives([BII)Z @ 12 c2
Event: 59.763 Thread 0x0000019329db7000 Uncommon trap: reason=unstable_if action=reinterpret pc=0x0000019318f094a0 method=sun.nio.cs.UTF_8$Decoder.decodeArrayLoop(Ljava/nio/ByteBuffer;Ljava/nio/CharBuffer;)Ljava/nio/charset/CoderResult; @ 84 c2
Event: 60.848 Thread 0x0000019329db7000 Uncommon trap: reason=unstable_if action=reinterpret pc=0x0000019318fd9250 method=io.spring.gradle.dependencymanagement.org.codehaus.plexus.util.xml.pull.MXParser.nextImpl()I @ 200 c2
Event: 62.245 Thread 0x0000019329db0000 Uncommon trap: reason=intrinsic_or_type_checked_inlining action=make_not_entrant pc=0x000001931900ab98 method=java.util.ArrayList.toArray([Ljava/lang/Object;)[Ljava/lang/Object; @ 36 c2

Classes redefined (0 events):
No events

Internal exceptions (10 events):
Event: 54.309 Thread 0x0000019324ccf800 Exception <a 'java/lang/NoSuchMethodError'{0x00000000ece33de0}: <clinit>> (0x00000000ece33de0) thrown at [t:/workspace/open/src/hotspot/share/prims/jni.cpp, line 1364]
Event: 54.735 Thread 0x0000019324ccf800 Exception <a 'java/lang/NoSuchMethodError'{0x00000000ece41548}: <clinit>> (0x00000000ece41548) thrown at [t:/workspace/open/src/hotspot/share/prims/jni.cpp, line 1364]
Event: 54.742 Thread 0x0000019324ccf800 Exception <a 'java/lang/NoSuchMethodError'{0x00000000ec2ddf70}: <clinit>> (0x00000000ec2ddf70) thrown at [t:/workspace/open/src/hotspot/share/prims/jni.cpp, line 1364]
Event: 54.742 Thread 0x0000019324ccf800 Exception <a 'java/lang/NoSuchMethodError'{0x00000000ec2df058}: <clinit>> (0x00000000ec2df058) thrown at [t:/workspace/open/src/hotspot/share/prims/jni.cpp, line 1364]
Event: 54.940 Thread 0x0000019329db7000 Exception <a 'java/lang/ClassNotFoundException'{0x00000000ebf68ba0}: org/gradle/api/internal/artifacts/configurations/DefaultConfiguration_DecoratedBeanInfo> (0x00000000ebf68ba0) thrown at [t:/workspace/open/src/hotspot/share/classfile/systemDictionary.cp
Event: 54.943 Thread 0x0000019329db7000 Exception <a 'java/lang/ClassNotFoundException'{0x00000000ebf80590}: org/gradle/api/internal/artifacts/configurations/DefaultConfigurationBeanInfo> (0x00000000ebf80590) thrown at [t:/workspace/open/src/hotspot/share/classfile/systemDictionary.cpp, line 23
Event: 54.944 Thread 0x0000019329db7000 Exception <a 'java/lang/ClassNotFoundException'{0x00000000ebf8d2d0}: org/gradle/api/internal/file/AbstractFileCollectionBeanInfo> (0x00000000ebf8d2d0) thrown at [t:/workspace/open/src/hotspot/share/classfile/systemDictionary.cpp, line 231]
Event: 54.946 Thread 0x0000019329db7000 Exception <a 'java/lang/ClassNotFoundException'{0x00000000ebf9a240}: org/gradle/api/internal/file/AbstractFileCollectionCustomizer> (0x00000000ebf9a240) thrown at [t:/workspace/open/src/hotspot/share/classfile/systemDictionary.cpp, line 231]
Event: 54.951 Thread 0x0000019329db7000 Exception <a 'java/lang/ClassNotFoundException'{0x00000000ebfbc328}: org/gradle/api/internal/artifacts/configurations/DefaultConfigurationCustomizer> (0x00000000ebfbc328) thrown at [t:/workspace/open/src/hotspot/share/classfile/systemDictionary.cpp, line 
Event: 54.965 Thread 0x0000019329db7000 Exception <a 'java/lang/ClassNotFoundException'{0x00000000ebe18d00}: org/gradle/api/internal/artifacts/configurations/DefaultConfiguration_DecoratedCustomizer> (0x00000000ebe18d00) thrown at [t:/workspace/open/src/hotspot/share/classfile/systemDictionary.

Events (10 events):
Event: 62.301 Thread 0x0000019329db7000 DEOPT PACKING pc=0x00000193123cf1f0 sp=0x00000024e5afbae0
Event: 62.301 Thread 0x0000019329db7000 DEOPT UNPACKING pc=0x000001931125cf4e sp=0x00000024e5afaf68 mode 0
Event: 62.316 Executing VM operation: BulkRevokeBias
Event: 62.324 Executing VM operation: BulkRevokeBias done
Event: 62.656 Thread 0x0000019329db7000 DEOPT PACKING pc=0x00000193123cf1f0 sp=0x00000024e5afb970
Event: 62.657 Thread 0x0000019329db7000 DEOPT UNPACKING pc=0x000001931125cf4e sp=0x00000024e5afadf8 mode 0
Event: 63.153 Thread 0x0000019329db3000 DEOPT PACKING pc=0x0000019311b19da7 sp=0x00000024e52fdb50
Event: 63.153 Thread 0x0000019329db3000 DEOPT UNPACKING pc=0x000001931125cf4e sp=0x00000024e52fd120 mode 0
Event: 63.778 Thread 0x0000019329db7000 DEOPT PACKING pc=0x00000193123cf1f0 sp=0x00000024e5afbae0
Event: 63.778 Thread 0x0000019329db7000 DEOPT UNPACKING pc=0x000001931125cf4e sp=0x00000024e5afaf68 mode 0


Dynamic libraries:
0x00007ff73f740000 - 0x00007ff73f787000 	C:\Program Files\Java\jdk-11.0.2\bin\java.exe
0x00007ff9f7760000 - 0x00007ff9f794d000 	C:\Windows\SYSTEM32\ntdll.dll
0x00007ff9f5730000 - 0x00007ff9f57e3000 	C:\Windows\System32\KERNEL32.DLL
0x00007ff9f46f0000 - 0x00007ff9f4983000 	C:\Windows\System32\KERNELBASE.dll
0x00007ff9f7430000 - 0x00007ff9f74d3000 	C:\Windows\System32\ADVAPI32.dll
0x00007ff9f4f80000 - 0x00007ff9f501e000 	C:\Windows\System32\msvcrt.dll
0x00007ff9f5020000 - 0x00007ff9f50be000 	C:\Windows\System32\sechost.dll
0x00007ff9f5540000 - 0x00007ff9f5662000 	C:\Windows\System32\RPCRT4.dll
0x00007ff9f7520000 - 0x00007ff9f76b7000 	C:\Windows\System32\USER32.dll
0x00007ff9f3a40000 - 0x00007ff9f3a60000 	C:\Windows\System32\win32u.dll
0x00007ff9f6f50000 - 0x00007ff9f6f79000 	C:\Windows\System32\GDI32.dll
0x00007ff9f3c50000 - 0x00007ff9f3de9000 	C:\Windows\System32\gdi32full.dll
0x00007ff9f3ea0000 - 0x00007ff9f3f40000 	C:\Windows\System32\msvcp_win.dll
0x00007ff9f3b50000 - 0x00007ff9f3c4a000 	C:\Windows\System32\ucrtbase.dll
0x00007ff9ebd40000 - 0x00007ff9ebfb9000 	C:\Windows\WinSxS\amd64_microsoft.windows.common-controls_6595b64144ccf1df_6.0.17763.615_none_05b4414a072024d4\COMCTL32.dll
0x00007ff9f7100000 - 0x00007ff9f742c000 	C:\Windows\System32\combase.dll
0x00007ff9ee2a0000 - 0x00007ff9ee2aa000 	C:\Windows\SYSTEM32\VERSION.dll
0x00007ff9f3ad0000 - 0x00007ff9f3b4e000 	C:\Windows\System32\bcryptPrimitives.dll
0x00007ff9f74e0000 - 0x00007ff9f750e000 	C:\Windows\System32\IMM32.DLL
0x00007ff9ebb60000 - 0x00007ff9ebb76000 	C:\Program Files\Java\jdk-11.0.2\bin\vcruntime140.dll
0x00007ff9d42a0000 - 0x00007ff9d434a000 	C:\Program Files\Java\jdk-11.0.2\bin\msvcp140.dll
0x00007ff996400000 - 0x00007ff996f27000 	C:\Program Files\Java\jdk-11.0.2\bin\server\jvm.dll
0x00007ff9f4af0000 - 0x00007ff9f4af8000 	C:\Windows\System32\PSAPI.DLL
0x00007ff9f1510000 - 0x00007ff9f1534000 	C:\Windows\SYSTEM32\WINMM.dll
0x00007ff9e7440000 - 0x00007ff9e7449000 	C:\Windows\SYSTEM32\WSOCK32.dll
0x00007ff9f76c0000 - 0x00007ff9f772d000 	C:\Windows\System32\WS2_32.dll
0x00007ff9f14e0000 - 0x00007ff9f150d000 	C:\Windows\SYSTEM32\WINMMBASE.dll
0x00007ff9f3a60000 - 0x00007ff9f3aaa000 	C:\Windows\System32\cfgmgr32.dll
0x00007ff9f37f0000 - 0x00007ff9f3801000 	C:\Windows\System32\kernel.appcore.dll
0x00007ff9eabb0000 - 0x00007ff9eabc1000 	C:\Program Files\Java\jdk-11.0.2\bin\verify.dll
0x00007ff9e13f0000 - 0x00007ff9e15dd000 	C:\Windows\SYSTEM32\DBGHELP.DLL
0x00007ff9e1280000 - 0x00007ff9e12aa000 	C:\Windows\SYSTEM32\dbgcore.DLL
0x00007ff9e72b0000 - 0x00007ff9e72d9000 	C:\Program Files\Java\jdk-11.0.2\bin\java.dll
0x00007ff9d4a60000 - 0x00007ff9d4a97000 	C:\Program Files\Java\jdk-11.0.2\bin\jdwp.dll
0x00007ff9ea690000 - 0x00007ff9ea6a6000 	C:\Program Files\Java\jdk-11.0.2\bin\zip.dll
0x00007ff9ebb40000 - 0x00007ff9ebb4a000 	C:\Program Files\Java\jdk-11.0.2\bin\jimage.dll
0x00007ff9f57f0000 - 0x00007ff9f6ce0000 	C:\Windows\System32\SHELL32.dll
0x00007ff9f7050000 - 0x00007ff9f70f8000 	C:\Windows\System32\shcore.dll
0x00007ff9f3f40000 - 0x00007ff9f468a000 	C:\Windows\System32\windows.storage.dll
0x00007ff9f3760000 - 0x00007ff9f3784000 	C:\Windows\System32\profapi.dll
0x00007ff9f3790000 - 0x00007ff9f37ed000 	C:\Windows\System32\powrprof.dll
0x00007ff9f5210000 - 0x00007ff9f5262000 	C:\Windows\System32\shlwapi.dll
0x00007ff9f3ab0000 - 0x00007ff9f3ac7000 	C:\Windows\System32\cryptsp.dll
0x00007ff9ead20000 - 0x00007ff9ead2a000 	C:\Program Files\Java\jdk-11.0.2\bin\dt_socket.dll
0x00007ff9f2f80000 - 0x00007ff9f2fe7000 	C:\Windows\system32\mswsock.dll
0x00007ff9e73c0000 - 0x00007ff9e73d9000 	C:\Program Files\Java\jdk-11.0.2\bin\net.dll
0x00007ff9ec1c0000 - 0x00007ff9ec2b2000 	C:\Windows\SYSTEM32\WINHTTP.dll
0x00007ff9e59d0000 - 0x00007ff9e5ba7000 	C:\Windows\SYSTEM32\urlmon.dll
0x00007ff9e5bb0000 - 0x00007ff9e5e58000 	C:\Windows\SYSTEM32\iertutil.dll
0x00007ff9f3100000 - 0x00007ff9f310c000 	C:\Windows\SYSTEM32\CRYPTBASE.DLL
0x00007ff9e4660000 - 0x00007ff9e4673000 	C:\Program Files\Java\jdk-11.0.2\bin\nio.dll
0x00007ff9eb000000 - 0x00007ff9eb026000 	C:\Users\gabri\.gradle\native\29\windows-amd64\native-platform.dll
0x00007ff9eaba0000 - 0x00007ff9eaba9000 	C:\Program Files\Java\jdk-11.0.2\bin\management.dll
0x00007ff9eaa70000 - 0x00007ff9eaa7c000 	C:\Program Files\Java\jdk-11.0.2\bin\management_ext.dll
0x00007ff9f2af0000 - 0x00007ff9f2b23000 	C:\Windows\system32\rsaenh.dll
0x00007ff9f3830000 - 0x00007ff9f3856000 	C:\Windows\System32\bcrypt.dll
0x00007ff9f3690000 - 0x00007ff9f36b8000 	C:\Windows\SYSTEM32\USERENV.dll
0x00007ff9f2cf0000 - 0x00007ff9f2d2d000 	C:\Windows\SYSTEM32\IPHLPAPI.DLL
0x00007ff9f5670000 - 0x00007ff9f5678000 	C:\Windows\System32\NSI.dll
0x00007ff9ed360000 - 0x00007ff9ed376000 	C:\Windows\SYSTEM32\dhcpcsvc6.DLL
0x00007ff9ed340000 - 0x00007ff9ed35c000 	C:\Windows\SYSTEM32\dhcpcsvc.DLL
0x00007ff9f2d30000 - 0x00007ff9f2df6000 	C:\Windows\SYSTEM32\DNSAPI.dll

dbghelp: loaded successfully - version: 4.0.5 - missing functions: none
symbol engine: initialized successfully - sym options: 0x614 - pdb path: .;C:\Program Files\Java\jdk-11.0.2\bin;C:\Windows\SYSTEM32;C:\Windows\WinSxS\amd64_microsoft.windows.common-controls_6595b64144ccf1df_6.0.17763.615_none_05b4414a072024d4;C:\Program Files\Java\jdk-11.0.2\bin\server;C:\Users\gabri\.gradle\native\29\windows-amd64

VM Arguments:
jvm_args: -XX:MaxMetaspaceSize=256m -XX:+HeapDumpOnOutOfMemoryError -agentlib:jdwp=transport=dt_socket,server=n,suspend=y,address=127.0.0.1:52128 --add-opens=java.base/java.util=ALL-UNNAMED --add-opens=java.base/java.lang=ALL-UNNAMED --add-opens=java.base/java.lang.invoke=ALL-UNNAMED --add-opens=java.prefs/java.util.prefs=ALL-UNNAMED -Xms256m -Xmx512m -Dfile.encoding=windows-1252 -Duser.country=BR -Duser.language=pt -Duser.variant 
java_command: org.gradle.launcher.daemon.bootstrap.GradleDaemon 5.4.1
java_class_path (initial): C:\Users\gabri\.gradle\wrapper\dists\gradle-5.4.1-all\3221gyojl5jsh0helicew7rwx\gradle-5.4.1\lib\gradle-launcher-5.4.1.jar
Launcher Type: SUN_STANDARD

[Global flags]
     intx CICompilerCount                          = 3                                         {product} {ergonomic}
   size_t CompressedClassSpaceSize                 = 260046848                                 {product} {ergonomic}
     uint ConcGCThreads                            = 1                                         {product} {ergonomic}
     uint G1ConcRefinementThreads                  = 4                                         {product} {ergonomic}
   size_t G1HeapRegionSize                         = 1048576                                   {product} {ergonomic}
    uintx GCDrainStackTargetSize                   = 64                                        {product} {ergonomic}
     bool HeapDumpOnOutOfMemoryError               = true                                   {manageable} {command line}
   size_t InitialHeapSize                          = 268435456                                 {product} {command line}
   size_t MarkStackSize                            = 4194304                                   {product} {ergonomic}
   size_t MaxHeapSize                              = 536870912                                 {product} {command line}
   size_t MaxMetaspaceSize                         = 268435456                                 {product} {command line}
   size_t MaxNewSize                               = 321912832                                 {product} {ergonomic}
   size_t MinHeapDeltaBytes                        = 1048576                                   {product} {ergonomic}
    uintx NonNMethodCodeHeapSize                   = 5830092                                {pd product} {ergonomic}
    uintx NonProfiledCodeHeapSize                  = 122914074                              {pd product} {ergonomic}
    uintx ProfiledCodeHeapSize                     = 122914074                              {pd product} {ergonomic}
    uintx ReservedCodeCacheSize                    = 251658240                              {pd product} {ergonomic}
     bool SegmentedCodeCache                       = true                                      {product} {ergonomic}
     bool UseCompressedClassPointers               = true                                 {lp64_product} {ergonomic}
     bool UseCompressedOops                        = true                                 {lp64_product} {ergonomic}
     bool UseG1GC                                  = true                                      {product} {ergonomic}
     bool UseLargePagesIndividualAllocation        = false                                  {pd product} {ergonomic}

Logging:
Log output configuration:
 #0: stdout all=warning uptime,level,tags
 #1: stderr all=off uptime,level,tags

Environment Variables:
JAVA_HOME=C:\Program Files\Java\jdk1.8.0_201
CLASSPATH=.;
PATH=C:\Program Files\JetBrains\IntelliJ IDEA Community Edition 2019.1.3\jbr\\bin;C:\Program Files\JetBrains\IntelliJ IDEA Community Edition 2019.1.3\jbr\\bin\server;C:\ProgramData\DockerDesktop\version-bin;C:\Program Files\Docker\Docker\Resources\bin;C:\Windows\system32;C:\Windows;C:\Windows\System32\Wbem;C:\Windows\System32\WindowsPowerShell\v1.0\;C:\Windows\System32\OpenSSH\;C:\Program Files\nodejs\;C:\Program Files\Git\cmd;C:\Program Files\NVIDIA Corporation\NVIDIA NvDLISR;C:\Program Files\dotnet\;C:\Program Files\Microsoft SQL Server\130\Tools\Binn\;C:\ProgramData\chocolatey\bin;C:\Program Files\Java\jdk1.8.0_201\bin;C:\Program Files (x86)\Yarn\bin\;C:\Program Files\Microsoft SQL Server\Client SDK\ODBC\110\Tools\Binn\;C:\Program Files (x86)\Microsoft SQL Server\120\Tools\Binn\ManagementStudio\;C:\Program Files (x86)\Microsoft SQL Server\120\Tools\Binn\;C:\Program Files\Microsoft SQL Server\120\Tools\Binn\;C:\Program Files (x86)\Microsoft SQL Server\120\DTS\Binn\;C:\Program Files\Microsoft SQL Server\120\DTS\Binn\;C:\Program Files (x86)\NVIDIA Corporation\PhysX\Common;C:\Users\gabri\AppData\Local\Microsoft\WindowsApps;C:\Users\gabri\AppData\Roaming\npm;C:\Users\gabri\AppData\Local\Programs\Microsoft VS Code\bin;C:\Python27;C:\Users\gabri\AppData\Local\Android\Sdk\emulator;C:\Users\gabri\AppData\Local\Android\Sdk\tools;C:\Users\gabri\AppData\Local\Android\Sdk\tools\bin;C:\Users\gabri\AppData\Local\Android\Sdk\platform-tools;C:\Program Files\MySQL\MySQL Server 8.0\bin;C:\Program Files\MongoDB\Server\4.0\bin;C:\Users\gabri\AppData\Local\Yarn\bin;C:\Users\gabri\Documents\apache-maven-3.6.1\bin;;C:\Program Files\Docker Toolbox;C:\Users\gabri\AppData\Local\Programs\Azure Data Studio\bin
USERNAME=gabri
OS=Windows_NT
PROCESSOR_IDENTIFIER=AMD64 Family 21 Model 2 Stepping 0, AuthenticAMD



---------------  S Y S T E M  ---------------

OS: Windows 10 , 64 bit Build 17763 (10.0.17763.475)

CPU:total 4 (initial active 4) (4 cores per cpu, 1 threads per core) family 21 model 2 stepping 0, cmov, cx8, fxsr, mmx, sse, sse2, sse3, ssse3, sse4.1, sse4.2, popcnt, avx, aes, clmul, mmxext, 3dnowpref, lzcnt, sse4a, tsc, tscinvbit, tscinv, bmi1, fma

Memory: 4k page, system-wide physical 12271M (5775M free)
TotalPageFile size 18927M (AvailPageFile size 9632M)
current process WorkingSet (physical memory assigned to process): 314M, peak: 314M
current process commit charge ("private bytes"): 462M, peak: 462M

vm_info: Java HotSpot(TM) 64-Bit Server VM (11.0.2+9-LTS) for windows-amd64 JRE (11.0.2+9-LTS), built on Jan 18 2019 05:24:10 by "mach5one" with MS VC++ 15.5 (VS2017)

END.
